\BOOKMARK [1][-]{section.1}{Lesson - PRESENT SIMPLE}{}% 1
\BOOKMARK [2][-]{subsection.1.1}{Present simple: }{section.1}% 2
\BOOKMARK [3][-]{subsubsection.1.1.1}{Without action}{subsection.1.1}% 3
\BOOKMARK [3][-]{subsubsection.1.1.2}{With action}{subsection.1.1}% 4
\BOOKMARK [3][-]{subsubsection.1.1.3}{Question}{subsection.1.1}% 5
\BOOKMARK [3][-]{subsubsection.1.1.4}{Negative}{subsection.1.1}% 6
\BOOKMARK [3][-]{subsubsection.1.1.5}{Negative Question}{subsection.1.1}% 7
\BOOKMARK [2][-]{subsection.1.2}{ }{section.1}% 8
\BOOKMARK [1][-]{section.2}{Lesson - Time and prepositions}{}% 9
\BOOKMARK [2][-]{subsection.2.1}{Time in hours}{section.2}% 10
\BOOKMARK [3][-]{subsubsection.2.1.1}{ }{subsection.2.1}% 11
\BOOKMARK [3][-]{subsubsection.2.1.2}{ }{subsection.2.1}% 12
\BOOKMARK [3][-]{subsubsection.2.1.3}{A.M. \040P.M.}{subsection.2.1}% 13
\BOOKMARK [2][-]{subsection.2.2}{ }{section.2}% 14
\BOOKMARK [2][-]{subsection.2.3}{ \040}{section.2}% 15
\BOOKMARK [2][-]{subsection.2.4}{ \040\(, , , \040..\)}{section.2}% 16
\BOOKMARK [2][-]{subsection.2.5}{}{section.2}% 17
\BOOKMARK [2][-]{subsection.2.6}{ }{section.2}% 18
\BOOKMARK [1][-]{section.3}{Homework - Usual day the Kate}{}% 19
\BOOKMARK [2][-]{subsection.3.1}{}{section.3}% 20
